Alan 2.8(6) Adventure Language System - actnams.alan - 2001-01-16 07:54                                       1.




actnams.alan

    1.  Location l
=====>  1

  *1*   800 W : Deprecated construct. Use 'THE <id> ISA LOCATION ---' instead.


        No detected errors.
        1 warning(s).
        1 informational message(s).

Alan 2.8(6) Adventure Language System - actnams.alan - 2001-01-16 07:54                                       2.


ADV: 
.  atrs: NULL
.  oatrs: NULL
.  latrs: NULL
.  aatrs: NULL
.  scores: 
.  syns: NULL
.  stxs: LST: {0xa012718} 
.  .  STX: {0xa0126e8} (0,15,14)
.  .  .  nam: NAM: (0,15,8)
.  .  .  .  string: "hello"
.  .  .  .  kind: VERB
.  .  .  .  code: 1
.  .  .  generated: TRUE
.  .  .  elmsadr: 173 (0xad)
.  .  .  elms: LST: {0xa012520} 
.  .  .  .  ELM: {0xa0124f8} (0,15,16)
.  .  .  .  .  kind: WORD
.  .  .  .  .  no: 0
.  .  .  .  .  nam: NAM: (0,15,16)
.  .  .  .  .  .  string: "hello"
.  .  .  .  .  .  kind: WORD
.  .  .  .  .  .  code: 1
.  .  .  .  ELM: {0xa012578} (0,15,23)
.  .  .  .  .  kind: PARAMETER (Flags: 0x0)
.  .  .  .  .  no: 1
.  .  .  .  .  nam: NAM: (0,15,23)
.  .  .  .  .  .  string: "a"
.  .  .  .  .  .  kind: PARAMETER
.  .  .  .  .  .  code: 1
.  .  .  .  ELM: {0xa0126a8} (0,15,8)
.  .  .  .  .  kind: EOS
.  .  .  .  .  no: 0
.  .  .  .  .  nam: NULL
.  .  .  resadr: 165 (0xa5)
.  .  .  ress: LST: {0xa012690} 
.  .  .  .  RES: (0,16,10)
.  .  .  .  .  nam: NAM: (0,16,8)
.  .  .  .  .  .  string: "a"
.  .  .  .  .  .  kind: PARAMETER
.  .  .  .  .  .  code: 1
.  .  .  .  .  singel: TRUE
.  .  .  .  .  resKd: ID
.  .  .  .  .  classes: LST: {0xa012618} 
.  .  .  .  .  .  NAM: (0,16,14)
.  .  .  .  .  .  .  string: "actor"
.  .  .  .  .  .  .  kind: UNKNOWN
.  .  .  .  .  .  .  code: -1
.  .  .  .  .  stms: LST: {0xa012650} 
.  .  .  .  .  .  STM: PRINT (0,17,8)
.  .  .  .  .  .  .  fpos: 0
.  .  .  .  .  .  .  len: 33
.  .  .  pars: LST: {0xa013f58} 
.  .  .  .  ELM: {0xa012578} (0,15,23)
.  .  .  .  .  kind: PARAMETER (Flags: 0x0)
.  .  .  .  .  no: 1
.  .  .  .  .  nam: NAM: (0,15,23)
.  .  .  .  .  .  string: "a"
.  .  .  .  .  .  kind: PARAMETER
.  .  .  .  .  .  code: 1
.  vrbs: NULL
.  locs: LST: {0xa011a40} 
.  .  LOC: (0,1,1)
.  .  .  nam: NAM: (0,1,10)
.  .  .  .  string: "l"
.  .  .  .  kind: UNKNOWN
.  .  .  .  code: 1
.  .  .  nams: NULL
.  .  .  atrs: NULL
.  .  .  atradr: 0 (0x0)
Alan 2.8(6) Adventure Language System - actnams.alan - 2001-01-16 07:54                                       3.


.  .  .  namstms: LST: {0xa013f90} 
.  .  .  .  STM: PRINT (0,0,0)
.  .  .  .  .  fpos: 42
.  .  .  .  .  len: 1
.  .  .  namsadr: 190 (0xbe)
.  .  .  dscr: NULL
.  .  .  dscradr: 0 (0x0)
.  .  .  does: NULL
.  .  .  doesadr: 0 (0x0)
.  .  .  vrbs: NULL
.  .  .  vrbadr: 0 (0x0)
.  .  .  exts: NULL
.  .  .  extadr: 0 (0x0)
.  objs: NULL
.  cnts: LST: {0xa011868} 
.  .  CNT: (0,0,0)
.  .  .  nam: NAM: (0,0,0)
.  .  .  .  string: "inventory"
.  .  .  .  kind: UNKNOWN
.  .  .  .  code: 1
.  .  .  namstms: LST: {0xa014098} 
.  .  .  .  STM: PRINT (0,0,0)
.  .  .  .  .  fpos: 33
.  .  .  .  .  len: 9
.  .  .  namadr: 180 (0xb4)
.  .  .  code: 1
.  .  .  parent: NAM: (0,0,0)
.  .  .  .  string: "hero"
.  .  .  .  kind: ACTOR
.  .  .  .  code: 1
.  .  .  lims: NULL
.  .  .  limadr: 0 (0x0)
.  .  .  hstms: NULL
.  .  .  hadr: 0 (0x0)
.  .  .  estms: NULL
.  .  .  eadr: 0 (0x0)
.  evts: NULL
.  acts: LST: {0xa011940} 
.  .  ACT: (0,0,0)
.  .  .  nam: NAM: (0,0,0)
.  .  .  .  string: "hero"
.  .  .  .  kind: ACTOR
.  .  .  .  code: 1
.  .  .  namslst: NULL
.  .  .  whr: WHR: (0,0,0)
.  .  .  .  whr: DEFAULT
.  .  .  .  wht: NULL
.  .  .  atrs: NULL
.  .  .  atradr: 0 (0x0)
.  .  .  namstms: LST: {0xa013fd8} 
.  .  .  .  STM: PRINT (0,0,0)
.  .  .  .  .  fpos: 43
.  .  .  .  .  len: 4
.  .  .  namadr: 202 (0xca)
.  .  .  dscr: NULL
.  .  .  dscradr: 0 (0x0)
.  .  .  vrbs: NULL
.  .  .  vrbadr: 0 (0x0)
.  .  .  scrs: NULL
.  .  .  scradr: 0 (0x0)
.  .  ACT: (0,4,1)
.  .  .  nam: NAM: (0,4,7)
.  .  .  .  string: "tim"
.  .  .  .  kind: ACTOR
.  .  .  .  code: 2
.  .  .  namslst: LST: {0xa011b20} 
.  .  .  .  LST: {0xa011b08} 
.  .  .  .  .  NAM: (0,5,7)
.  .  .  .  .  .  string: "tim"
.  .  .  .  .  .  kind: UNKNOWN
Alan 2.8(6) Adventure Language System - actnams.alan - 2001-01-16 07:54                                       4.


.  .  .  .  .  .  code: -1
.  .  .  .  LST: {0xa011b58} 
.  .  .  .  .  NAM: (0,6,7)
.  .  .  .  .  .  string: "tim"
.  .  .  .  .  .  kind: UNKNOWN
.  .  .  .  .  .  code: -1
.  .  .  .  .  NAM: (0,6,11)
.  .  .  .  .  .  string: "allen"
.  .  .  .  .  .  kind: UNKNOWN
.  .  .  .  .  .  code: -1
.  .  .  .  LST: {0xa011c20} 
.  .  .  .  .  NAM: (0,7,7)
.  .  .  .  .  .  string: "time"
.  .  .  .  .  .  kind: UNKNOWN
.  .  .  .  .  .  code: -1
.  .  .  .  .  NAM: (0,7,12)
.  .  .  .  .  .  string: "allen"
.  .  .  .  .  .  kind: UNKNOWN
.  .  .  .  .  .  code: -1
.  .  .  .  .  NAM: (0,7,18)
.  .  .  .  .  .  string: "show"
.  .  .  .  .  .  kind: UNKNOWN
.  .  .  .  .  .  code: -1
.  .  .  whr: WHR: (0,4,11)
.  .  .  .  whr: AT
.  .  .  .  wht: WHT: (0,4,14)
.  .  .  .  .  wht: ID 
.  .  .  .  .  nam: NAM: (0,4,14)
.  .  .  .  .  .  string: "l"
.  .  .  .  .  .  kind: LOCATION
.  .  .  .  .  .  code: 1
.  .  .  atrs: NULL
.  .  .  atradr: 0 (0x0)
.  .  .  namstms: LST: {0xa014048} 
.  .  .  .  STM: PRINT (0,0,0)
.  .  .  .  .  fpos: 47
.  .  .  .  .  len: 3
.  .  .  namadr: 207 (0xcf)
.  .  .  dscr: NULL
.  .  .  dscradr: 0 (0x0)
.  .  .  vrbs: LST: {0xa012210} 
.  .  .  .  VRB: (0,9,2)
.  .  .  .  .  nams: LST: {0xa011d38} 
.  .  .  .  .  .  NAM: (0,9,7)
.  .  .  .  .  .  .  string: "hello"
.  .  .  .  .  .  .  kind: VERB
.  .  .  .  .  .  .  code: 1
.  .  .  .  .  altadr: 215 (0xd7)
.  .  .  .  .  alts: LST: {0xa0121b8} 
.  .  .  .  .  .  ALT: (0,0,0)
.  .  .  .  .  .  .  nam: NULL
.  .  .  .  .  .  .  qual: DEFAULT
.  .  .  .  .  .  .  chks: NULL
.  .  .  .  .  .  .  stms: LST: {0xa012178} 
.  .  .  .  .  .  .  .  STM: PRINT (0,11,4)
.  .  .  .  .  .  .  .  .  fpos: 50
.  .  .  .  .  .  .  .  .  len: 17
.  .  .  vrbadr: 221 (0xdd)
.  .  .  scrs: NULL
.  .  .  scradr: 0 (0x0)
.  ruls: NULL
.  whr: WHR: (0,19,7)
.  .  whr: AT
.  .  wht: WHT: (0,19,10)
.  .  .  wht: ID 
.  .  .  nam: NAM: (0,19,10)
.  .  .  .  string: "l"
.  .  .  .  kind: LOCATION
.  .  .  .  code: 1
.  stms: LST: {0xa0127a0} 
Alan 2.8(6) Adventure Language System - actnams.alan - 2001-01-16 07:54                                       5.


.  .  STM: PRINT (0,21,2)
.  .  .  fpos: 1044
